2024-07-20 18:21:45 [background-preinit] INFO  o.h.validator.internal.util.Version - HV000001: Hibernate Validator 6.2.5.Final
2024-07-20 18:21:45 [main] INFO  c.v.p.PaymentserviceApplication - Starting PaymentserviceApplication using Java 1.8.0_401 on Devrajs-MacBook-Air.local with PID 93365 (/Users/devrajmac/Pictures/Java/Project/Microservices/paymentservice/target/classes started by devrajmac in /Users/devrajmac/Pictures/Java/Project/Microservices/paymentservice)
2024-07-20 18:21:45 [main] INFO  c.v.p.PaymentserviceApplication - The following 1 profile is active: "dev"
2024-07-20 18:21:45 [main] INFO  o.s.d.r.c.RepositoryConfigurationDelegate - Bootstrapping Spring Data JPA repositories in DEFAULT mode.
2024-07-20 18:21:45 [main] INFO  o.s.d.r.c.RepositoryConfigurationDelegate - Finished Spring Data repository scanning in 83 ms. Found 1 JPA repository interfaces.
2024-07-20 18:21:46 [main] INFO  o.s.cloud.context.scope.GenericScope - BeanFactory id=5c691c5d-bd1d-321c-aef4-32da13b590ce
2024-07-20 18:21:46 [main] INFO  o.s.b.w.e.tomcat.TomcatWebServer - Tomcat initialized with port(s): 8083 (http)
2024-07-20 18:21:46 [main] INFO  o.a.coyote.http11.Http11NioProtocol - Initializing ProtocolHandler ["http-nio-8083"]
2024-07-20 18:21:46 [main] INFO  o.a.catalina.core.StandardService - Starting service [Tomcat]
2024-07-20 18:21:46 [main] INFO  o.a.catalina.core.StandardEngine - Starting Servlet engine: [Apache Tomcat/9.0.68]
2024-07-20 18:21:46 [main] INFO  o.a.c.c.C.[Tomcat].[localhost].[/] - Initializing Spring embedded WebApplicationContext
2024-07-20 18:21:46 [main] INFO  o.s.b.w.s.c.ServletWebServerApplicationContext - Root WebApplicationContext: initialization completed in 1336 ms
2024-07-20 18:21:46 [main] INFO  o.h.jpa.internal.util.LogHelper - HHH000204: Processing PersistenceUnitInfo [name: default]
2024-07-20 18:21:46 [main] INFO  org.hibernate.Version - HHH000412: Hibernate ORM core version 5.6.12.Final
2024-07-20 18:21:46 [main] INFO  o.h.annotations.common.Version - HCANN000001: Hibernate Commons Annotations {5.1.2.Final}
2024-07-20 18:21:46 [main] INFO  com.zaxxer.hikari.HikariDataSource - HikariPool-1 - Starting...
2024-07-20 18:21:47 [main] INFO  com.zaxxer.hikari.HikariDataSource - HikariPool-1 - Start completed.
2024-07-20 18:21:47 [main] INFO  org.hibernate.dialect.Dialect - HHH000400: Using dialect: org.hibernate.dialect.MySQL8Dialect
2024-07-20 18:21:47 [main] INFO  o.h.e.t.j.p.i.JtaPlatformInitiator - HHH000490: Using JtaPlatform implementation: [org.hibernate.engine.transaction.jta.platform.internal.NoJtaPlatform]
2024-07-20 18:21:47 [main] INFO  o.s.o.j.LocalContainerEntityManagerFactoryBean - Initialized JPA EntityManagerFactory for persistence unit 'default'
2024-07-20 18:21:48 [main] WARN  o.s.b.a.o.j.JpaBaseConfiguration$JpaWebConfiguration - spring.jpa.open-in-view is enabled by default. Therefore, database queries may be performed during view rendering. Explicitly configure spring.jpa.open-in-view to disable this warning
2024-07-20 18:21:48 [main] INFO  o.s.c.n.e.c.DiscoveryClientOptionalArgsConfiguration - Eureka HTTP Client uses RestTemplate.
2024-07-20 18:21:48 [main] WARN  o.s.c.l.c.LoadBalancerCacheAutoConfiguration$LoadBalancerCaffeineWarnLogger - Spring Cloud LoadBalancer is currently working with the default cache. While this cache implementation is useful for development and tests, it's recommended to use Caffeine cache in production.You can switch to using Caffeine cache, by adding it and org.springframework.cache.caffeine.CaffeineCacheManager to the classpath.
2024-07-20 18:21:49 [main] INFO  o.s.b.a.e.web.EndpointLinksResolver - Exposing 1 endpoint(s) beneath base path '/actuator'
2024-07-20 18:21:49 [main] INFO  o.s.c.n.eureka.InstanceInfoFactory - Setting initial instance status as: STARTING
2024-07-20 18:21:49 [main] INFO  c.netflix.discovery.DiscoveryClient - Initializing Eureka in region us-east-1
2024-07-20 18:21:49 [main] INFO  c.n.d.s.r.aws.ConfigClusterResolver - Resolving eureka endpoints via configuration
2024-07-20 18:21:49 [main] DEBUG c.n.discovery.endpoint.EndpointUtils - The availability zone for the given region us-east-1 are [defaultZone]
2024-07-20 18:21:49 [main] DEBUG c.n.d.s.r.aws.ConfigClusterResolver - Config resolved to [AwsEndpoint{ serviceUrl='http://localhost:8761/eureka/', region='us-east-1', zone='defaultZone'}]
2024-07-20 18:21:49 [main] DEBUG c.n.d.s.r.a.ZoneAffinityClusterResolver - Local zone=defaultZone; resolved to: [AwsEndpoint{ serviceUrl='http://localhost:8761/eureka/', region='us-east-1', zone='defaultZone'}]
2024-07-20 18:21:49 [main] INFO  c.netflix.discovery.DiscoveryClient - Disable delta property : false
2024-07-20 18:21:49 [main] INFO  c.netflix.discovery.DiscoveryClient - Single vip registry refresh property : null
2024-07-20 18:21:49 [main] INFO  c.netflix.discovery.DiscoveryClient - Force full registry fetch : false
2024-07-20 18:21:49 [main] INFO  c.netflix.discovery.DiscoveryClient - Application is null : false
2024-07-20 18:21:49 [main] INFO  c.netflix.discovery.DiscoveryClient - Registered Applications size is zero : true
2024-07-20 18:21:49 [main] INFO  c.netflix.discovery.DiscoveryClient - Application version is -1: true
2024-07-20 18:21:49 [main] INFO  c.netflix.discovery.DiscoveryClient - Getting all instance registry info from the eureka server
2024-07-20 18:21:49 [main] DEBUG c.n.d.s.t.d.SessionedEurekaHttpClient - Ending a session and starting anew
2024-07-20 18:21:49 [main] DEBUG c.n.d.s.t.d.RedirectingEurekaHttpClient - Pinning to endpoint null
2024-07-20 18:21:49 [main] INFO  c.netflix.discovery.DiscoveryClient - The response status is 200
2024-07-20 18:21:49 [main] DEBUG c.netflix.discovery.DiscoveryClient - Got full registry with apps hashcode UP_4_
2024-07-20 18:21:49 [main] DEBUG c.netflix.discovery.DiscoveryClient - The total number of all instances in the client now is 4
2024-07-20 18:21:49 [main] INFO  c.netflix.discovery.DiscoveryClient - Starting heartbeat executor: renew interval is: 10
2024-07-20 18:21:49 [main] INFO  c.n.discovery.InstanceInfoReplicator - InstanceInfoReplicator onDemand update allowed rate per min is 4
2024-07-20 18:21:49 [main] INFO  c.netflix.discovery.DiscoveryClient - Discovery Client initialized at timestamp 1721479909243 with initial instances count: 4
2024-07-20 18:21:49 [main] INFO  o.s.c.n.e.s.EurekaServiceRegistry - Registering application PAYMENT-SERVICE with eureka with status UP
2024-07-20 18:21:49 [main] INFO  c.netflix.discovery.DiscoveryClient - Saw local status change event StatusChangeEvent [timestamp=1721479909245, current=UP, previous=STARTING]
2024-07-20 18:21:49 [DiscoveryClient-InstanceInfoReplicator-0] DEBUG c.n.discovery.InstanceInfoReplicator - Executing on-demand update of local InstanceInfo
2024-07-20 18:21:49 [DiscoveryClient-InstanceInfoReplicator-0] DEBUG c.n.discovery.InstanceInfoReplicator - Canceling the latest scheduled update, it will be rescheduled at the end of on demand update
2024-07-20 18:21:49 [DiscoveryClient-InstanceInfoReplicator-0] INFO  c.netflix.discovery.DiscoveryClient - DiscoveryClient_PAYMENT-SERVICE/192.168.1.3:PAYMENT-SERVICE:8083: registering service...
2024-07-20 18:21:49 [DiscoveryClient-InstanceInfoReplicator-0] DEBUG c.n.d.s.t.d.SessionedEurekaHttpClient - Ending a session and starting anew
2024-07-20 18:21:49 [main] INFO  o.a.coyote.http11.Http11NioProtocol - Starting ProtocolHandler ["http-nio-8083"]
2024-07-20 18:21:49 [main] WARN  o.s.b.w.s.c.AnnotationConfigServletWebServerApplicationContext - Exception encountered during context initialization - cancelling refresh attempt: org.springframework.context.ApplicationContextException: Failed to start bean 'webServerStartStop'; nested exception is org.springframework.boot.web.server.PortInUseException: Port 8083 is already in use
2024-07-20 18:21:49 [main] INFO  o.s.o.j.LocalContainerEntityManagerFactoryBean - Closing JPA EntityManagerFactory for persistence unit 'default'
2024-07-20 18:21:49 [main] INFO  com.zaxxer.hikari.HikariDataSource - HikariPool-1 - Shutdown initiated...
2024-07-20 18:21:49 [DiscoveryClient-InstanceInfoReplicator-0] DEBUG c.n.d.s.t.d.RedirectingEurekaHttpClient - Pinning to endpoint null
2024-07-20 18:21:49 [DiscoveryClient-InstanceInfoReplicator-0] INFO  c.netflix.discovery.DiscoveryClient - DiscoveryClient_PAYMENT-SERVICE/192.168.1.3:PAYMENT-SERVICE:8083 - registration status: 204
2024-07-20 18:21:49 [main] INFO  com.zaxxer.hikari.HikariDataSource - HikariPool-1 - Shutdown completed.
2024-07-20 18:21:49 [main] INFO  c.netflix.discovery.DiscoveryClient - Shutting down DiscoveryClient ...
2024-07-20 18:21:52 [main] INFO  c.netflix.discovery.DiscoveryClient - Unregistering ...
2024-07-20 18:21:52 [main] INFO  c.netflix.discovery.DiscoveryClient - DiscoveryClient_PAYMENT-SERVICE/192.168.1.3:PAYMENT-SERVICE:8083 - deregister  status: 200
2024-07-20 18:21:52 [main] INFO  c.netflix.discovery.DiscoveryClient - Completed shut down of DiscoveryClient
2024-07-20 18:21:52 [main] INFO  o.a.coyote.http11.Http11NioProtocol - Pausing ProtocolHandler ["http-nio-8083"]
2024-07-20 18:21:52 [main] INFO  o.a.catalina.core.StandardService - Stopping service [Tomcat]
2024-07-20 18:21:52 [main] INFO  o.a.coyote.http11.Http11NioProtocol - Stopping ProtocolHandler ["http-nio-8083"]
2024-07-20 18:21:52 [main] INFO  o.a.coyote.http11.Http11NioProtocol - Destroying ProtocolHandler ["http-nio-8083"]
2024-07-20 18:21:52 [main] INFO  o.s.b.a.l.ConditionEvaluationReportLoggingListener - 

Error starting ApplicationContext. To display the conditions report re-run your application with 'debug' enabled.
2024-07-20 18:21:52 [main] ERROR o.s.b.d.LoggingFailureAnalysisReporter - 

***************************
APPLICATION FAILED TO START
***************************

Description:

Web server failed to start. Port 8083 was already in use.

Action:

Identify and stop the process that's listening on port 8083 or configure this application to listen on another port.

